0 info it worked if it ends with ok
1 verbose cli [ '/usr/local/bin/node',
1 verbose cli   '/usr/local/bin/npm',
1 verbose cli   'install',
1 verbose cli   '-g',
1 verbose cli   'bower' ]
2 info using npm@2.14.7
3 info using node@v4.2.2
4 verbose install initial load of /usr/local/lib/package.json
5 verbose readDependencies loading dependencies from /usr/local/lib/package.json
6 silly cache add args [ 'bower', null ]
7 verbose cache add spec bower
8 silly cache add parsed spec Result {
8 silly cache add   raw: 'bower',
8 silly cache add   scope: null,
8 silly cache add   name: 'bower',
8 silly cache add   rawSpec: '',
8 silly cache add   spec: '*',
8 silly cache add   type: 'range' }
9 silly addNamed bower@*
10 verbose addNamed "*" is a valid semver range for bower
11 silly addNameRange { name: 'bower', range: '*', hasData: false }
12 silly mapToRegistry name bower
13 silly mapToRegistry using default registry
14 silly mapToRegistry registry https://registry.npmjs.org/
15 silly mapToRegistry uri https://registry.npmjs.org/bower
16 verbose addNameRange registry:https://registry.npmjs.org/bower not in flight; fetching
17 verbose request uri https://registry.npmjs.org/bower
18 verbose request no auth needed
19 info attempt registry request try #1 at 10:09:51
20 verbose request id 05aed0ba1c5d4047
21 verbose etag "14B845FBZFY27MAE6K6ZDJ4P7"
22 http request GET https://registry.npmjs.org/bower
23 http 304 https://registry.npmjs.org/bower
24 verbose headers { date: 'Sat, 30 Jan 2016 09:09:52 GMT',
24 verbose headers   via: '1.1 varnish',
24 verbose headers   'cache-control': 'max-age=300',
24 verbose headers   etag: '"14B845FBZFY27MAE6K6ZDJ4P7"',
24 verbose headers   age: '198',
24 verbose headers   connection: 'keep-alive',
24 verbose headers   'x-served-by': 'cache-ams4146-AMS',
24 verbose headers   'x-cache': 'HIT',
24 verbose headers   'x-cache-hits': '2',
24 verbose headers   'x-timer': 'S1454144992.370684,VS0,VE0',
24 verbose headers   vary: 'Accept' }
25 silly get cb [ 304,
25 silly get   { date: 'Sat, 30 Jan 2016 09:09:52 GMT',
25 silly get     via: '1.1 varnish',
25 silly get     'cache-control': 'max-age=300',
25 silly get     etag: '"14B845FBZFY27MAE6K6ZDJ4P7"',
25 silly get     age: '198',
25 silly get     connection: 'keep-alive',
25 silly get     'x-served-by': 'cache-ams4146-AMS',
25 silly get     'x-cache': 'HIT',
25 silly get     'x-cache-hits': '2',
25 silly get     'x-timer': 'S1454144992.370684,VS0,VE0',
25 silly get     vary: 'Accept' } ]
26 verbose etag https://registry.npmjs.org/bower from cache
27 verbose get saving bower to /Users/alexlloyd/.npm/registry.npmjs.org/bower/.cache.json
28 silly addNameRange number 2 { name: 'bower', range: '*', hasData: true }
29 silly addNameRange versions [ 'bower',
29 silly addNameRange   [ '0.1.0',
29 silly addNameRange     '0.1.2',
29 silly addNameRange     '0.1.3',
29 silly addNameRange     '0.2.0',
29 silly addNameRange     '0.3.0',
29 silly addNameRange     '0.3.1',
29 silly addNameRange     '0.3.2',
29 silly addNameRange     '0.4.0',
29 silly addNameRange     '0.5.0',
29 silly addNameRange     '0.5.1',
29 silly addNameRange     '0.6.0',
29 silly addNameRange     '0.6.1',
29 silly addNameRange     '0.6.2',
29 silly addNameRange     '0.6.3',
29 silly addNameRange     '0.6.4',
29 silly addNameRange     '0.6.5',
29 silly addNameRange     '0.6.6',
29 silly addNameRange     '0.6.7',
29 silly addNameRange     '0.6.8',
29 silly addNameRange     '0.7.0',
29 silly addNameRange     '0.7.1',
29 silly addNameRange     '0.8.0',
29 silly addNameRange     '0.8.1',
29 silly addNameRange     '0.8.2',
29 silly addNameRange     '0.8.3',
29 silly addNameRange     '0.8.4',
29 silly addNameRange     '0.8.5',
29 silly addNameRange     '0.8.6',
29 silly addNameRange     '0.9.0',
29 silly addNameRange     '0.9.1',
29 silly addNameRange     '0.9.2',
29 silly addNameRange     '0.10.0',
29 silly addNameRange     '1.0.0',
29 silly addNameRange     '1.0.1',
29 silly addNameRange     '1.0.2',
29 silly addNameRange     '1.0.3',
29 silly addNameRange     '1.1.0',
29 silly addNameRange     '1.1.1',
29 silly addNameRange     '1.1.2',
29 silly addNameRange     '1.2.0',
29 silly addNameRange     '1.2.1',
29 silly addNameRange     '1.2.2',
29 silly addNameRange     '1.2.3',
29 silly addNameRange     '1.2.4',
29 silly addNameRange     '1.2.5',
29 silly addNameRange     '1.2.6',
29 silly addNameRange     '1.2.7',
29 silly addNameRange     '1.2.8',
29 silly addNameRange     '1.3.0',
29 silly addNameRange     '1.3.1',
29 silly addNameRange     '1.3.2',
29 silly addNameRange     '1.3.3',
29 silly addNameRange     '1.3.4',
29 silly addNameRange     '1.3.5',
29 silly addNameRange     '1.3.6',
29 silly addNameRange     '1.3.7',
29 silly addNameRange     '1.3.8',
29 silly addNameRange     '1.3.9',
29 silly addNameRange     '1.3.10',
29 silly addNameRange     '1.3.11',
29 silly addNameRange     '1.3.12',
29 silly addNameRange     '1.4.0',
29 silly addNameRange     '1.4.1',
29 silly addNameRange     '1.5.0',
29 silly addNameRange     '1.5.1',
29 silly addNameRange     '1.5.2',
29 silly addNameRange     '1.5.3',
29 silly addNameRange     '1.6.2',
29 silly addNameRange     '1.6.3',
29 silly addNameRange     '1.6.4',
29 silly addNameRange     '1.6.5',
29 silly addNameRange     '1.5.4',
29 silly addNameRange     '1.4.2',
29 silly addNameRange     '1.6.6',
29 silly addNameRange     '1.6.7',
29 silly addNameRange     '1.6.8',
29 silly addNameRange     '1.6.9',
29 silly addNameRange     '1.7.0',
29 silly addNameRange     '1.7.1',
29 silly addNameRange     '1.7.2',
29 silly addNameRange     '1.7.5',
29 silly addNameRange     '1.7.6',
29 silly addNameRange     '1.7.7' ] ]
30 silly addNamed bower@1.7.7
31 verbose addNamed "1.7.7" is a plain semver version for bower
32 silly cache afterAdd bower@1.7.7
33 verbose afterAdd /Users/alexlloyd/.npm/bower/1.7.7/package/package.json not in flight; writing
34 verbose afterAdd /Users/alexlloyd/.npm/bower/1.7.7/package/package.json written
35 silly install resolved [ { name: 'bower',
35 silly install resolved     version: '1.7.7',
35 silly install resolved     description: 'The browser package manager',
35 silly install resolved     author: { name: 'Twitter' },
35 silly install resolved     license: 'MIT',
35 silly install resolved     repository: { type: 'git', url: 'git+https://github.com/bower/bower.git' },
35 silly install resolved     main: 'lib',
35 silly install resolved     bin: { bower: 'bin/bower' },
35 silly install resolved     homepage: 'http://bower.io',
35 silly install resolved     engines: { node: '>=0.10.0' },
35 silly install resolved     keywords: [ 'bower' ],
35 silly install resolved     files: [ 'bin', 'lib' ],
35 silly install resolved     bugs: { url: 'https://github.com/bower/bower/issues' },
35 silly install resolved     _id: 'bower@1.7.7',
35 silly install resolved     scripts: {},
35 silly install resolved     _shasum: '2fd7ff3ebdcba5a8ffcd84c397c8fdfe9f825f92',
35 silly install resolved     _from: 'bower@*',
35 silly install resolved     _npmVersion: '3.5.3',
35 silly install resolved     _nodeVersion: '4.1.1',
35 silly install resolved     _npmUser: { name: 'sheerun', email: 'sheerun@sher.pl' },
35 silly install resolved     dist:
35 silly install resolved      { shasum: '2fd7ff3ebdcba5a8ffcd84c397c8fdfe9f825f92',
35 silly install resolved        tarball: 'http://registry.npmjs.org/bower/-/bower-1.7.7.tgz' },
35 silly install resolved     maintainers:
35 silly install resolved      [ [Object],
35 silly install resolved        [Object],
35 silly install resolved        [Object],
35 silly install resolved        [Object],
35 silly install resolved        [Object],
35 silly install resolved        [Object],
35 silly install resolved        [Object] ],
35 silly install resolved     directories: {},
35 silly install resolved     _resolved: 'https://registry.npmjs.org/bower/-/bower-1.7.7.tgz',
35 silly install resolved     readme: 'ERROR: No README data found!' } ]
36 info install bower@1.7.7 into /usr/local/lib
37 info installOne bower@1.7.7
38 verbose installOne of bower to /usr/local/lib not in flight; installing
39 verbose lock using /Users/alexlloyd/.npm/_locks/bower-e8debc5417026b57.lock for /usr/local/lib/node_modules/bower
40 silly install write writing bower 1.7.7 to /usr/local/lib/node_modules/bower
41 verbose unbuild lib/node_modules/bower
42 info preuninstall bower@1.3.12
43 info uninstall bower@1.3.12
44 verbose unbuild rmStuff bower@1.3.12 from /usr/local/lib/node_modules
45 silly gentlyRm /usr/local/bin/bower is being gently removed
46 silly gentlyRm verifying /usr/local is an npm working directory
47 silly gentlyRm containing path /usr/local is under npm's control, in /usr/local
48 silly gentlyRm deletion target /usr/local/bin/bower is under /usr/local
49 verbose gentlyRm vacuuming from /usr/local/bin/bower up to /usr/local
50 silly vacuum-fs removing /usr/local/bin/bower
51 verbose unlock done using /Users/alexlloyd/.npm/_locks/bower-e8debc5417026b57.lock for /usr/local/lib/node_modules/bower
52 verbose stack Error: EACCES: permission denied, unlink '/usr/local/bin/bower'
52 verbose stack     at Error (native)
53 verbose cwd /Users/alexlloyd/Documents/bootstrap-prototype-master
54 error Darwin 14.0.0
55 error argv "/usr/local/bin/node" "/usr/local/bin/npm" "install" "-g" "bower"
56 error node v4.2.2
57 error npm  v2.14.7
58 error path /usr/local/bin/bower
59 error code EACCES
60 error errno -13
61 error syscall unlink
62 error Error: EACCES: permission denied, unlink '/usr/local/bin/bower'
62 error     at Error (native)
62 error  { [Error: EACCES: permission denied, unlink '/usr/local/bin/bower']
62 error   errno: -13,
62 error   code: 'EACCES',
62 error   syscall: 'unlink',
62 error   path: '/usr/local/bin/bower' }
63 error Please try running this command again as root/Administrator.
64 verbose exit [ -13, true ]
65 verbose unbuild lib/node_modules/bower
66 info preuninstall bower@1.3.12
67 info uninstall bower@1.3.12
68 verbose unbuild rmStuff bower@1.3.12 from /usr/local/lib/node_modules
69 silly gentlyRm /usr/local/bin/bower is being gently removed
70 silly gentlyRm verifying /usr/local is an npm working directory
71 silly gentlyRm containing path /usr/local is under npm's control, in /usr/local
72 silly gentlyRm deletion target /usr/local/bin/bower is under /usr/local
73 verbose gentlyRm vacuuming from /usr/local/bin/bower up to /usr/local
74 silly vacuum-fs removing /usr/local/bin/bower
75 error error rolling back Error: EACCES: permission denied, unlink '/usr/local/bin/bower'
75 error error rolling back     at Error (native)
75 error error rolling back  { [Error: EACCES: permission denied, unlink '/usr/local/bin/bower']
75 error error rolling back   errno: -13,
75 error error rolling back   code: 'EACCES',
75 error error rolling back   syscall: 'unlink',
75 error error rolling back   path: '/usr/local/bin/bower' }
